# JRE version: OpenJDK Runtime Environment Microsoft-8035246 (17.0.8+7) (build 17.0.8+7-LTS)
# Java VM: OpenJDK 64-Bit Server VM Microsoft-8035246 (17.0.8+7-LTS, mixed mode, sharing, tiered, compressed oops, compressed class ptrs, g1 gc, windows-amd64)
GC Precious Log:
 CPUs: 8 total, 8 available
 Memory: 16167M
 Large Page Support: Disabled
 NUMA Support: Disabled
 Compressed Oops: Enabled (32-bit)
 Heap Region Size: 1M
 Heap Min Capacity: 8M
 Heap Initial Capacity: 254M
 Heap Max Capacity: 2G
 Pre-touch: Disabled
 Parallel Workers: 8
 Concurrent Workers: 2
 Concurrent Refinement Workers: 8
 Periodic GC: Disabled
Heap:
 garbage-first heap   total 239616K, used 178811K [0x0000000080000000, 0x0000000100000000)
  region size 1024K, 58 young (59392K), 10 survivors (10240K)
 Metaspace       used 97098K, committed 98112K, reserved 557056K
  class space    used 13540K, committed 14016K, reserved 425984K
GC Heap History (20 events):
Event: 9.231 GC heap before
{Heap before GC invocations=27 (full 0):
 garbage-first heap   total 239616K, used 78666K [0x0000000080000000, 0x0000000100000000)
  region size 1024K, 12 young (12288K), 11 survivors (11264K)
 Metaspace       used 68815K, committed 69568K, reserved 491520K
  class space    used 9806K, committed 10176K, reserved 425984K
}
Event: 9.239 GC heap after
{Heap after GC invocations=28 (full 0):
 garbage-first heap   total 239616K, used 77080K [0x0000000080000000, 0x0000000100000000)
  region size 1024K, 2 young (2048K), 2 survivors (2048K)
 Metaspace       used 68815K, committed 69568K, reserved 491520K
  class space    used 9806K, committed 10176K, reserved 425984K
}
Event: 10.172 GC heap before
{Heap before GC invocations=28 (full 0):
 garbage-first heap   total 239616K, used 186648K [0x0000000080000000, 0x0000000100000000)
  region size 1024K, 110 young (112640K), 2 survivors (2048K)
 Metaspace       used 71236K, committed 72128K, reserved 491520K
  class space    used 10078K, committed 10496K, reserved 425984K
}
Event: 10.178 GC heap after
{Heap after GC invocations=29 (full 0):
 garbage-first heap   total 239616K, used 85146K [0x0000000080000000, 0x0000000100000000)
  region size 1024K, 10 young (10240K), 10 survivors (10240K)
 Metaspace       used 71236K, committed 72128K, reserved 491520K
  class space    used 10078K, committed 10496K, reserved 425984K
}
Event: 10.529 GC heap before
{Heap before GC invocations=29 (full 0):
 garbage-first heap   total 239616K, used 187546K [0x0000000080000000, 0x0000000100000000)
  region size 1024K, 110 young (112640K), 10 survivors (10240K)
 Metaspace       used 71305K, committed 72128K, reserved 491520K
  class space    used 10081K, committed 10496K, reserved 425984K
}
Event: 10.536 GC heap after
{Heap after GC invocations=30 (full 0):
 garbage-first heap   total 239616K, used 87181K [0x0000000080000000, 0x0000000100000000)
  region size 1024K, 5 young (5120K), 5 survivors (5120K)
 Metaspace       used 71305K, committed 72128K, reserved 491520K
  class space    used 10081K, committed 10496K, reserved 425984K
}
Event: 11.128 GC heap before
{Heap before GC invocations=30 (full 0):
 garbage-first heap   total 239616K, used 196749K [0x0000000080000000, 0x0000000100000000)
  region size 1024K, 106 young (108544K), 5 survivors (5120K)
 Metaspace       used 74543K, committed 75456K, reserved 491520K
  class space    used 10441K, committed 10880K, reserved 425984K
}
Event: 11.132 GC heap after
{Heap after GC invocations=31 (full 0):
 garbage-first heap   total 239616K, used 101337K [0x0000000080000000, 0x0000000100000000)
  region size 1024K, 12 young (12288K), 12 survivors (12288K)
 Metaspace       used 74543K, committed 75456K, reserved 491520K
  class space    used 10441K, committed 10880K, reserved 425984K
}
Event: 11.674 GC heap before
{Heap before GC invocations=31 (full 0):
 garbage-first heap   total 239616K, used 194521K [0x0000000080000000, 0x0000000100000000)
  region size 1024K, 98 young (100352K), 12 survivors (12288K)
 Metaspace       used 81225K, committed 82176K, reserved 557056K
  class space    used 11216K, committed 11648K, reserved 425984K
}
Event: 11.680 GC heap after
{Heap after GC invocations=32 (full 0):
 garbage-first heap   total 239616K, used 108201K [0x0000000080000000, 0x0000000100000000)
  region size 1024K, 7 young (7168K), 7 survivors (7168K)
 Metaspace       used 81225K, committed 82176K, reserved 557056K
  class space    used 11216K, committed 11648K, reserved 425984K
}
Event: 12.176 GC heap before
{Heap before GC invocations=32 (full 0):
 garbage-first heap   total 239616K, used 190121K [0x0000000080000000, 0x0000000100000000)
  region size 1024K, 88 young (90112K), 7 survivors (7168K)
 Metaspace       used 86319K, committed 87232K, reserved 557056K
  class space    used 11925K, committed 12352K, reserved 425984K
}
Event: 12.181 GC heap after
{Heap after GC invocations=33 (full 0):
 garbage-first heap   total 239616K, used 112455K [0x0000000080000000, 0x0000000100000000)
  region size 1024K, 4 young (4096K), 4 survivors (4096K)
 Metaspace       used 86319K, committed 87232K, reserved 557056K
  class space    used 11925K, committed 12352K, reserved 425984K
}
Event: 12.661 GC heap before
{Heap before GC invocations=33 (full 0):
 garbage-first heap   total 239616K, used 194375K [0x0000000080000000, 0x0000000100000000)
  region size 1024K, 84 young (86016K), 4 survivors (4096K)
 Metaspace       used 88643K, committed 89600K, reserved 557056K
  class space    used 12236K, committed 12672K, reserved 425984K
}
Event: 12.666 GC heap after
{Heap after GC invocations=34 (full 0):
 garbage-first heap   total 239616K, used 117168K [0x0000000080000000, 0x0000000100000000)
  region size 1024K, 9 young (9216K), 9 survivors (9216K)
 Metaspace       used 88643K, committed 89600K, reserved 557056K
  class space    used 12236K, committed 12672K, reserved 425984K
}
Event: 13.227 GC heap before
{Heap before GC invocations=34 (full 0):
 garbage-first heap   total 239616K, used 197040K [0x0000000080000000, 0x0000000100000000)
  region size 1024K, 86 young (88064K), 9 survivors (9216K)
 Metaspace       used 93517K, committed 94400K, reserved 557056K
  class space    used 13073K, committed 13504K, reserved 425984K
}
Event: 13.232 GC heap after
{Heap after GC invocations=35 (full 0):
 garbage-first heap   total 239616K, used 120179K [0x0000000080000000, 0x0000000100000000)
  region size 1024K, 9 young (9216K), 9 survivors (9216K)
 Metaspace       used 93517K, committed 94400K, reserved 557056K
  class space    used 13073K, committed 13504K, reserved 425984K
}
Event: 13.787 GC heap before
{Heap before GC invocations=35 (full 0):
 garbage-first heap   total 239616K, used 198003K [0x0000000080000000, 0x0000000100000000)
  region size 1024K, 85 young (87040K), 9 survivors (9216K)
 Metaspace       used 96696K, committed 97664K, reserved 557056K
  class space    used 13511K, committed 13952K, reserved 425984K
}
Event: 13.794 GC heap after
{Heap after GC invocations=36 (full 0):
 garbage-first heap   total 239616K, used 125006K [0x0000000080000000, 0x0000000100000000)
  region size 1024K, 8 young (8192K), 8 survivors (8192K)
 Metaspace       used 96696K, committed 97664K, reserved 557056K
  class space    used 13511K, committed 13952K, reserved 425984K
}
Event: 14.169 GC heap before
{Heap before GC invocations=36 (full 0):
 garbage-first heap   total 239616K, used 197710K [0x0000000080000000, 0x0000000100000000)
  region size 1024K, 80 young (81920K), 8 survivors (8192K)
 Metaspace       used 97097K, committed 98112K, reserved 557056K
  class space    used 13540K, committed 14016K, reserved 425984K
}
Event: 14.176 GC heap after
{Heap after GC invocations=37 (full 0):
 garbage-first heap   total 239616K, used 130683K [0x0000000080000000, 0x0000000100000000)
  region size 1024K, 10 young (10240K), 10 survivors (10240K)
 Metaspace       used 97097K, committed 98112K, reserved 557056K
  class space    used 13540K, committed 14016K, reserved 425984K
}

