# JRE version: OpenJDK Runtime Environment Microsoft-8035246 (17.0.8+7) (build 17.0.8+7-LTS)
# Java VM: OpenJDK 64-Bit Server VM Microsoft-8035246 (17.0.8+7-LTS, mixed mode, sharing, tiered, compressed oops, compressed class ptrs, g1 gc, windows-amd64)
GC Precious Log:
 CPUs: 8 total, 8 available
 Memory: 16167M
 Large Page Support: Disabled
 NUMA Support: Disabled
 Compressed Oops: Enabled (32-bit)
 Heap Region Size: 1M
 Heap Min Capacity: 8M
 Heap Initial Capacity: 254M
 Heap Max Capacity: 2G
 Pre-touch: Disabled
 Parallel Workers: 8
 Concurrent Workers: 2
 Concurrent Refinement Workers: 8
 Periodic GC: Disabled
Heap:
 garbage-first heap   total 195584K, used 119151K [0x0000000080000000, 0x0000000100000000)
  region size 1024K, 37 young (37888K), 5 survivors (5120K)
 Metaspace       used 71445K, committed 72320K, reserved 491520K
  class space    used 10076K, committed 10496K, reserved 425984K
GC Heap History (20 events):
Event: 26.481 GC heap before
{Heap before GC invocations=28 (full 0):
 garbage-first heap   total 107520K, used 66715K [0x0000000080000000, 0x0000000100000000)
  region size 1024K, 5 young (5120K), 2 survivors (2048K)
 Metaspace       used 58564K, committed 59200K, reserved 491520K
  class space    used 8301K, committed 8576K, reserved 425984K
}
Event: 26.487 GC heap after
{Heap after GC invocations=29 (full 0):
 garbage-first heap   total 107520K, used 63254K [0x0000000080000000, 0x0000000100000000)
  region size 1024K, 1 young (1024K), 1 survivors (1024K)
 Metaspace       used 58564K, committed 59200K, reserved 491520K
  class space    used 8301K, committed 8576K, reserved 425984K
}
Event: 27.142 GC heap before
{Heap before GC invocations=29 (full 0):
 garbage-first heap   total 107520K, used 80662K [0x0000000080000000, 0x0000000100000000)
  region size 1024K, 18 young (18432K), 1 survivors (1024K)
 Metaspace       used 59896K, committed 60544K, reserved 491520K
  class space    used 8466K, committed 8768K, reserved 425984K
}
Event: 27.145 GC heap after
{Heap after GC invocations=30 (full 0):
 garbage-first heap   total 107520K, used 64809K [0x0000000080000000, 0x0000000100000000)
  region size 1024K, 2 young (2048K), 2 survivors (2048K)
 Metaspace       used 59896K, committed 60544K, reserved 491520K
  class space    used 8466K, committed 8768K, reserved 425984K
}
Event: 27.681 GC heap before
{Heap before GC invocations=31 (full 0):
 garbage-first heap   total 116736K, used 82217K [0x0000000080000000, 0x0000000100000000)
  region size 1024K, 19 young (19456K), 2 survivors (2048K)
 Metaspace       used 60835K, committed 61440K, reserved 491520K
  class space    used 8598K, committed 8896K, reserved 425984K
}
Event: 27.686 GC heap after
{Heap after GC invocations=32 (full 0):
 garbage-first heap   total 116736K, used 65482K [0x0000000080000000, 0x0000000100000000)
  region size 1024K, 1 young (1024K), 1 survivors (1024K)
 Metaspace       used 60835K, committed 61440K, reserved 491520K
  class space    used 8598K, committed 8896K, reserved 425984K
}
Event: 27.766 GC heap before
{Heap before GC invocations=32 (full 0):
 garbage-first heap   total 116736K, used 69578K [0x0000000080000000, 0x0000000100000000)
  region size 1024K, 5 young (5120K), 1 survivors (1024K)
 Metaspace       used 61079K, committed 61632K, reserved 491520K
  class space    used 8630K, committed 8896K, reserved 425984K
}
Event: 27.771 GC heap after
{Heap after GC invocations=33 (full 0):
 garbage-first heap   total 195584K, used 65593K [0x0000000080000000, 0x0000000100000000)
  region size 1024K, 1 young (1024K), 1 survivors (1024K)
 Metaspace       used 61079K, committed 61632K, reserved 491520K
  class space    used 8630K, committed 8896K, reserved 425984K
}
Event: 29.879 GC heap before
{Heap before GC invocations=33 (full 0):
 garbage-first heap   total 195584K, used 128057K [0x0000000080000000, 0x0000000100000000)
  region size 1024K, 62 young (63488K), 1 survivors (1024K)
 Metaspace       used 63665K, committed 64384K, reserved 491520K
  class space    used 8982K, committed 9344K, reserved 425984K
}
Event: 29.892 GC heap after
{Heap after GC invocations=34 (full 0):
 garbage-first heap   total 195584K, used 70603K [0x0000000080000000, 0x0000000100000000)
  region size 1024K, 6 young (6144K), 6 survivors (6144K)
 Metaspace       used 63665K, committed 64384K, reserved 491520K
  class space    used 8982K, committed 9344K, reserved 425984K
}
Event: 33.840 GC heap before
{Heap before GC invocations=34 (full 0):
 garbage-first heap   total 195584K, used 134091K [0x0000000080000000, 0x0000000100000000)
  region size 1024K, 68 young (69632K), 6 survivors (6144K)
 Metaspace       used 67273K, committed 68032K, reserved 491520K
  class space    used 9494K, committed 9856K, reserved 425984K
}
Event: 33.857 GC heap after
{Heap after GC invocations=35 (full 0):
 garbage-first heap   total 195584K, used 74244K [0x0000000080000000, 0x0000000100000000)
  region size 1024K, 6 young (6144K), 6 survivors (6144K)
 Metaspace       used 67273K, committed 68032K, reserved 491520K
  class space    used 9494K, committed 9856K, reserved 425984K
}
Event: 36.573 GC heap before
{Heap before GC invocations=35 (full 0):
 garbage-first heap   total 195584K, used 137732K [0x0000000080000000, 0x0000000100000000)
  region size 1024K, 69 young (70656K), 6 survivors (6144K)
 Metaspace       used 70108K, committed 70912K, reserved 491520K
  class space    used 9975K, committed 10368K, reserved 425984K
}
Event: 36.604 GC heap after
{Heap after GC invocations=36 (full 0):
 garbage-first heap   total 195584K, used 78525K [0x0000000080000000, 0x0000000100000000)
  region size 1024K, 7 young (7168K), 7 survivors (7168K)
 Metaspace       used 70108K, committed 70912K, reserved 491520K
  class space    used 9975K, committed 10368K, reserved 425984K
}
Event: 38.992 GC heap before
{Heap before GC invocations=36 (full 0):
 garbage-first heap   total 195584K, used 142013K [0x0000000080000000, 0x0000000100000000)
  region size 1024K, 70 young (71680K), 7 survivors (7168K)
 Metaspace       used 71340K, committed 72128K, reserved 491520K
  class space    used 10072K, committed 10432K, reserved 425984K
}
Event: 39.010 GC heap after
{Heap after GC invocations=37 (full 0):
 garbage-first heap   total 195584K, used 82759K [0x0000000080000000, 0x0000000100000000)
  region size 1024K, 7 young (7168K), 7 survivors (7168K)
 Metaspace       used 71340K, committed 72128K, reserved 491520K
  class space    used 10072K, committed 10432K, reserved 425984K
}
Event: 39.858 GC heap before
{Heap before GC invocations=37 (full 0):
 garbage-first heap   total 195584K, used 144199K [0x0000000080000000, 0x0000000100000000)
  region size 1024K, 68 young (69632K), 7 survivors (7168K)
 Metaspace       used 71406K, committed 72256K, reserved 491520K
  class space    used 10073K, committed 10496K, reserved 425984K
}
Event: 39.872 GC heap after
{Heap after GC invocations=38 (full 0):
 garbage-first heap   total 195584K, used 84345K [0x0000000080000000, 0x0000000100000000)
  region size 1024K, 4 young (4096K), 4 survivors (4096K)
 Metaspace       used 71406K, committed 72256K, reserved 491520K
  class space    used 10073K, committed 10496K, reserved 425984K
}
Event: 40.437 GC heap before
{Heap before GC invocations=38 (full 0):
 garbage-first heap   total 195584K, used 147833K [0x0000000080000000, 0x0000000100000000)
  region size 1024K, 67 young (68608K), 4 survivors (4096K)
 Metaspace       used 71409K, committed 72256K, reserved 491520K
  class space    used 10073K, committed 10496K, reserved 425984K
}
Event: 40.443 GC heap after
{Heap after GC invocations=39 (full 0):
 garbage-first heap   total 195584K, used 85359K [0x0000000080000000, 0x0000000100000000)
  region size 1024K, 5 young (5120K), 5 survivors (5120K)
 Metaspace       used 71409K, committed 72256K, reserved 491520K
  class space    used 10073K, committed 10496K, reserved 425984K
}

