# JRE version: OpenJDK Runtime Environment Microsoft-8035246 (17.0.8+7) (build 17.0.8+7-LTS)
# Java VM: OpenJDK 64-Bit Server VM Microsoft-8035246 (17.0.8+7-LTS, mixed mode, sharing, tiered, compressed oops, compressed class ptrs, g1 gc, windows-amd64)
GC Precious Log:
 CPUs: 8 total, 8 available
 Memory: 16167M
 Large Page Support: Disabled
 NUMA Support: Disabled
 Compressed Oops: Enabled (32-bit)
 Heap Region Size: 1M
 Heap Min Capacity: 8M
 Heap Initial Capacity: 254M
 Heap Max Capacity: 2G
 Pre-touch: Disabled
 Parallel Workers: 8
 Concurrent Workers: 2
 Concurrent Refinement Workers: 8
 Periodic GC: Disabled
Heap:
 garbage-first heap   total 204800K, used 131737K [0x0000000080000000, 0x0000000100000000)
  region size 1024K, 49 young (50176K), 4 survivors (4096K)
 Metaspace       used 70959K, committed 71680K, reserved 491520K
  class space    used 10023K, committed 10368K, reserved 425984K
GC Heap History (20 events):
Event: 17.775 GC heap before
{Heap before GC invocations=22 (full 0):
 garbage-first heap   total 107520K, used 64497K [0x0000000080000000, 0x0000000100000000)
  region size 1024K, 5 young (5120K), 3 survivors (3072K)
 Metaspace       used 58418K, committed 59136K, reserved 491520K
  class space    used 8298K, committed 8640K, reserved 425984K
}
Event: 17.779 GC heap after
{Heap after GC invocations=23 (full 0):
 garbage-first heap   total 107520K, used 62293K [0x0000000080000000, 0x0000000100000000)
  region size 1024K, 1 young (1024K), 1 survivors (1024K)
 Metaspace       used 58418K, committed 59136K, reserved 491520K
  class space    used 8298K, committed 8640K, reserved 425984K
}
Event: 18.312 GC heap before
{Heap before GC invocations=23 (full 0):
 garbage-first heap   total 107520K, used 84821K [0x0000000080000000, 0x0000000100000000)
  region size 1024K, 23 young (23552K), 1 survivors (1024K)
 Metaspace       used 59779K, committed 60480K, reserved 491520K
  class space    used 8493K, committed 8832K, reserved 425984K
}
Event: 18.315 GC heap after
{Heap after GC invocations=24 (full 0):
 garbage-first heap   total 107520K, used 63650K [0x0000000080000000, 0x0000000100000000)
  region size 1024K, 2 young (2048K), 2 survivors (2048K)
 Metaspace       used 59779K, committed 60480K, reserved 491520K
  class space    used 8493K, committed 8832K, reserved 425984K
}
Event: 18.787 GC heap before
{Heap before GC invocations=25 (full 0):
 garbage-first heap   total 116736K, used 84130K [0x0000000080000000, 0x0000000100000000)
  region size 1024K, 23 young (23552K), 2 survivors (2048K)
 Metaspace       used 61047K, committed 61696K, reserved 491520K
  class space    used 8656K, committed 8960K, reserved 425984K
}
Event: 18.792 GC heap after
{Heap after GC invocations=26 (full 0):
 garbage-first heap   total 116736K, used 64175K [0x0000000080000000, 0x0000000100000000)
  region size 1024K, 3 young (3072K), 3 survivors (3072K)
 Metaspace       used 61047K, committed 61696K, reserved 491520K
  class space    used 8656K, committed 8960K, reserved 425984K
}
Event: 18.839 GC heap before
{Heap before GC invocations=26 (full 0):
 garbage-first heap   total 116736K, used 66223K [0x0000000080000000, 0x0000000100000000)
  region size 1024K, 5 young (5120K), 3 survivors (3072K)
 Metaspace       used 61115K, committed 61824K, reserved 491520K
  class space    used 8667K, committed 9024K, reserved 425984K
}
Event: 18.844 GC heap after
{Heap after GC invocations=27 (full 0):
 garbage-first heap   total 116736K, used 63873K [0x0000000080000000, 0x0000000100000000)
  region size 1024K, 1 young (1024K), 1 survivors (1024K)
 Metaspace       used 61115K, committed 61824K, reserved 491520K
  class space    used 8667K, committed 9024K, reserved 425984K
}
Event: 19.851 GC heap before
{Heap before GC invocations=27 (full 0):
 garbage-first heap   total 116736K, used 92545K [0x0000000080000000, 0x0000000100000000)
  region size 1024K, 29 young (29696K), 1 survivors (1024K)
 Metaspace       used 62006K, committed 62720K, reserved 491520K
  class space    used 8786K, committed 9152K, reserved 425984K
}
Event: 19.860 GC heap after
{Heap after GC invocations=28 (full 0):
 garbage-first heap   total 204800K, used 67035K [0x0000000080000000, 0x0000000100000000)
  region size 1024K, 4 young (4096K), 4 survivors (4096K)
 Metaspace       used 62006K, committed 62720K, reserved 491520K
  class space    used 8786K, committed 9152K, reserved 425984K
}
Event: 24.157 GC heap before
{Heap before GC invocations=29 (full 0):
 garbage-first heap   total 204800K, used 144859K [0x0000000080000000, 0x0000000100000000)
  region size 1024K, 80 young (81920K), 4 survivors (4096K)
 Metaspace       used 66620K, committed 67328K, reserved 491520K
  class space    used 9419K, committed 9792K, reserved 425984K
}
Event: 24.173 GC heap after
{Heap after GC invocations=30 (full 0):
 garbage-first heap   total 204800K, used 71918K [0x0000000080000000, 0x0000000100000000)
  region size 1024K, 9 young (9216K), 9 survivors (9216K)
 Metaspace       used 66620K, committed 67328K, reserved 491520K
  class space    used 9419K, committed 9792K, reserved 425984K
}
Event: 24.187 GC heap before
{Heap before GC invocations=30 (full 0):
 garbage-first heap   total 204800K, used 72942K [0x0000000080000000, 0x0000000100000000)
  region size 1024K, 10 young (10240K), 9 survivors (9216K)
 Metaspace       used 66627K, committed 67328K, reserved 491520K
  class space    used 9419K, committed 9792K, reserved 425984K
}
Event: 24.196 GC heap after
{Heap after GC invocations=31 (full 0):
 garbage-first heap   total 204800K, used 72348K [0x0000000080000000, 0x0000000100000000)
  region size 1024K, 2 young (2048K), 2 survivors (2048K)
 Metaspace       used 66627K, committed 67328K, reserved 491520K
  class space    used 9419K, committed 9792K, reserved 425984K
}
Event: 25.884 GC heap before
{Heap before GC invocations=31 (full 0):
 garbage-first heap   total 204800K, used 148124K [0x0000000080000000, 0x0000000100000000)
  region size 1024K, 77 young (78848K), 2 survivors (2048K)
 Metaspace       used 70140K, committed 70912K, reserved 491520K
  class space    used 9994K, committed 10368K, reserved 425984K
}
Event: 25.899 GC heap after
{Heap after GC invocations=32 (full 0):
 garbage-first heap   total 204800K, used 78805K [0x0000000080000000, 0x0000000100000000)
  region size 1024K, 8 young (8192K), 8 survivors (8192K)
 Metaspace       used 70140K, committed 70912K, reserved 491520K
  class space    used 9994K, committed 10368K, reserved 425984K
}
Event: 27.723 GC heap before
{Heap before GC invocations=32 (full 0):
 garbage-first heap   total 204800K, used 151509K [0x0000000080000000, 0x0000000100000000)
  region size 1024K, 80 young (81920K), 8 survivors (8192K)
 Metaspace       used 70912K, committed 71680K, reserved 491520K
  class space    used 10020K, committed 10368K, reserved 425984K
}
Event: 27.739 GC heap after
{Heap after GC invocations=33 (full 0):
 garbage-first heap   total 204800K, used 83169K [0x0000000080000000, 0x0000000100000000)
  region size 1024K, 7 young (7168K), 7 survivors (7168K)
 Metaspace       used 70912K, committed 71680K, reserved 491520K
  class space    used 10020K, committed 10368K, reserved 425984K
}
Event: 28.379 GC heap before
{Heap before GC invocations=33 (full 0):
 garbage-first heap   total 204800K, used 154849K [0x0000000080000000, 0x0000000100000000)
  region size 1024K, 78 young (79872K), 7 survivors (7168K)
 Metaspace       used 70930K, committed 71680K, reserved 491520K
  class space    used 10020K, committed 10368K, reserved 425984K
}
Event: 28.390 GC heap after
{Heap after GC invocations=34 (full 0):
 garbage-first heap   total 204800K, used 84633K [0x0000000080000000, 0x0000000100000000)
  region size 1024K, 4 young (4096K), 4 survivors (4096K)
 Metaspace       used 70930K, committed 71680K, reserved 491520K
  class space    used 10020K, committed 10368K, reserved 425984K
}

